The target system is: Generic - 1 - 
The host system is: Linux - 4.10.0-32-generic - x86_64
Compiling the C compiler identification source file "CMakeCCompilerId.c" succeeded.
Compiler: /usr/bin/arm-none-eabi-gcc 
Build flags: 
Id flags: -c 

The output was:
0


Compilation of the C compiler identification source "CMakeCCompilerId.c" produced "CMakeCCompilerId.o"

The C compiler identification is GNU, found in "/home/curiosul/Workspaces/STM32/LedBlink/build/CMakeFiles/3.8.2/CompilerIdC/CMakeCCompilerId.o"

Detecting C compiler ABI info compiled with the following output:
Change Dir: /home/curiosul/Workspaces/STM32/LedBlink/build/CMakeFiles/CMakeTmp

Run Build Command:"/usr/bin/make" "cmTC_d6987/fast"
/usr/bin/make -f CMakeFiles/cmTC_d6987.dir/build.make CMakeFiles/cmTC_d6987.dir/build
make[1]: Entering directory '/home/curiosul/Workspaces/STM32/LedBlink/build/CMakeFiles/CMakeTmp'
Building C object CMakeFiles/cmTC_d6987.dir/CMakeCCompilerABI.c.obj
/usr/bin/arm-none-eabi-gcc   -mcpu=cortex-m4 -mthumb -mthumb-interwork -mfloat-abi=hard -mfpu=fpv4-sp-d16 -ffunction-sections -fdata-sections -g -fno-common -fmessage-length=0 -std=gnu99    -o CMakeFiles/cmTC_d6987.dir/CMakeCCompilerABI.c.obj   -c /home/curiosul/.Tools/IDEs/clion-2017.1.3/bin/cmake/share/cmake-3.8/Modules/CMakeCCompilerABI.c
Linking C executable cmTC_d6987
/home/curiosul/.Tools/IDEs/clion-2017.1.3/bin/cmake/bin/cmake -E cmake_link_script CMakeFiles/cmTC_d6987.dir/link.txt --verbose=1
/usr/bin/arm-none-eabi-gcc -mcpu=cortex-m4 -mthumb -mthumb-interwork -mfloat-abi=hard -mfpu=fpv4-sp-d16 -ffunction-sections -fdata-sections -g -fno-common -fmessage-length=0 -std=gnu99   -Wl,-gc-sections,-M=binary.map -T /home/curiosul/Workspaces/STM32/LedBlink/stm32_flash.ld -v CMakeFiles/cmTC_d6987.dir/CMakeCCompilerABI.c.obj  -o cmTC_d6987 
Using built-in specs.
COLLECT_GCC=/usr/bin/arm-none-eabi-gcc
COLLECT_LTO_WRAPPER=/usr/lib/gcc/arm-none-eabi/4.9.3/lto-wrapper
Target: arm-none-eabi
Configured with: ../src/configure --build=x86_64-linux-gnu --prefix=/usr --includedir='/usr/lib/include' --mandir='/usr/lib/share/man' --infodir='/usr/lib/share/info' --sysconfdir=/etc --localstatedir=/var --disable-silent-rules --libdir='/usr/lib/lib/x86_64-linux-gnu' --libexecdir='/usr/lib/lib/x86_64-linux-gnu' --disable-maintainer-mode --disable-dependency-tracking --mandir=/usr/share/man --enable-languages=c,c++,lto --enable-multilib --disable-decimal-float --disable-libffi --disable-libgomp --disable-libmudflap --disable-libquadmath --disable-libssp --disable-libstdcxx-pch --disable-nls --disable-shared --disable-threads --disable-tls --build=x86_64-linux-gnu --target=arm-none-eabi --with-system-zlib --with-gnu-as --with-gnu-ld --with-pkgversion=15:4.9.3+svn231177-1 --without-included-gettext --prefix=/usr/lib --infodir=/usr/share/doc/gcc-arm-none-eabi/info --htmldir=/usr/share/doc/gcc-arm-none-eabi/html --pdfdir=/usr/share/doc/gcc-arm-none-eabi/pdf --bindir=/usr/bin --libexecdir=/usr/lib --libdir=/usr/lib --disable-libstdc++-v3 --host=x86_64-linux-gnu --with-headers=no --without-newlib --with-multilib-list=armv6-m,armv7-m,armv7e-m,armv7-r CFLAGS='-g -O2 -fstack-protector-strong' CPPFLAGS=-D_FORTIFY_SOURCE=2 CXXFLAGS='-g -O2 -fstack-protector-strong' FCFLAGS='-g -O2 -fstack-protector-strong' FFLAGS='-g -O2 -fstack-protector-strong' GCJFLAGS='-g -O2 -fstack-protector-strong' LDFLAGS='-Wl,-Bsymbolic-functions -Wl,-z,relro' OBJCFLAGS='-g -O2 -fstack-protector-strong' OBJCXXFLAGS='-g -O2 -fstack-protector-strong' INHIBIT_LIBC_CFLAGS=-DUSE_TM_CLONE_REGISTRY=0 AR_FOR_TARGET=arm-none-eabi-ar AS_FOR_TARGET=arm-none-eabi-as LD_FOR_TARGET=arm-none-eabi-ld NM_FOR_TARGET=arm-none-eabi-nm OBJDUMP_FOR_TARGET=arm-none-eabi-objdump RANLIB_FOR_TARGET=arm-none-eabi-ranlib READELF_FOR_TARGET=arm-none-eabi-readelf STRIP_FOR_TARGET=arm-none-eabi-strip
Thread model: single
gcc version 4.9.3 20150529 (prerelease) (15:4.9.3+svn231177-1) 
COMPILER_PATH=/usr/lib/gcc/arm-none-eabi/4.9.3/:/usr/lib/gcc/arm-none-eabi/4.9.3/:/usr/lib/gcc/arm-none-eabi/:/usr/lib/gcc/arm-none-eabi/4.9.3/:/usr/lib/gcc/arm-none-eabi/:/usr/lib/gcc/arm-none-eabi/4.9.3/../../../arm-none-eabi/bin/
LIBRARY_PATH=/usr/lib/gcc/arm-none-eabi/4.9.3/armv7e-m/fpu/:/usr/lib/gcc/arm-none-eabi/4.9.3/../../../arm-none-eabi/lib/armv7e-m/fpu/:/usr/lib/gcc/arm-none-eabi/4.9.3/:/usr/lib/gcc/arm-none-eabi/4.9.3/../../../arm-none-eabi/lib/
COLLECT_GCC_OPTIONS='-mcpu=cortex-m4' '-mthumb' '-mthumb-interwork' '-mfloat-abi=hard' '-mfpu=fpv4-sp-d16' '-ffunction-sections' '-fdata-sections' '-g' '-fno-common' '-fmessage-length=0' '-std=gnu99' '-T' '/home/curiosul/Workspaces/STM32/LedBlink/stm32_flash.ld' '-v' '-o' 'cmTC_d6987'
 /usr/lib/gcc/arm-none-eabi/4.9.3/collect2 -plugin /usr/lib/gcc/arm-none-eabi/4.9.3/liblto_plugin.so -plugin-opt=/usr/lib/gcc/arm-none-eabi/4.9.3/lto-wrapper -plugin-opt=-fresolution=/tmp/ccozoaYg.res -plugin-opt=-pass-through=-lgcc -plugin-opt=-pass-through=-lg -plugin-opt=-pass-through=-lc -X -o cmTC_d6987 /usr/lib/gcc/arm-none-eabi/4.9.3/armv7e-m/fpu/crti.o /usr/lib/gcc/arm-none-eabi/4.9.3/armv7e-m/fpu/crtbegin.o /usr/lib/gcc/arm-none-eabi/4.9.3/../../../arm-none-eabi/lib/armv7e-m/fpu/crt0.o -L/usr/lib/gcc/arm-none-eabi/4.9.3/armv7e-m/fpu -L/usr/lib/gcc/arm-none-eabi/4.9.3/../../../arm-none-eabi/lib/armv7e-m/fpu -L/usr/lib/gcc/arm-none-eabi/4.9.3 -L/usr/lib/gcc/arm-none-eabi/4.9.3/../../../arm-none-eabi/lib -gc-sections -M=binary.map CMakeFiles/cmTC_d6987.dir/CMakeCCompilerABI.c.obj --start-group -lgcc -lg -lc --end-group /usr/lib/gcc/arm-none-eabi/4.9.3/armv7e-m/fpu/crtend.o /usr/lib/gcc/arm-none-eabi/4.9.3/armv7e-m/fpu/crtn.o -T /home/curiosul/Workspaces/STM32/LedBlink/stm32_flash.ld
/usr/lib/gcc/arm-none-eabi/4.9.3/../../../arm-none-eabi/bin/ld: warning: cannot find entry symbol Reset_Handler; defaulting to 0000000008000000
make[1]: Leaving directory '/home/curiosul/Workspaces/STM32/LedBlink/build/CMakeFiles/CMakeTmp'


Parsed C implicit link information from above output:
  link line regex: [^( *|.*[/\])(arm-none-eabi-ld|([^/\]+-)?ld|collect2)[^/\]*( |$)]
  ignore line: [Change Dir: /home/curiosul/Workspaces/STM32/LedBlink/build/CMakeFiles/CMakeTmp]
  ignore line: []
  ignore line: [Run Build Command:"/usr/bin/make" "cmTC_d6987/fast"]
  ignore line: [/usr/bin/make -f CMakeFiles/cmTC_d6987.dir/build.make CMakeFiles/cmTC_d6987.dir/build]
  ignore line: [make[1]: Entering directory '/home/curiosul/Workspaces/STM32/LedBlink/build/CMakeFiles/CMakeTmp']
  ignore line: [Building C object CMakeFiles/cmTC_d6987.dir/CMakeCCompilerABI.c.obj]
  ignore line: [/usr/bin/arm-none-eabi-gcc   -mcpu=cortex-m4 -mthumb -mthumb-interwork -mfloat-abi=hard -mfpu=fpv4-sp-d16 -ffunction-sections -fdata-sections -g -fno-common -fmessage-length=0 -std=gnu99    -o CMakeFiles/cmTC_d6987.dir/CMakeCCompilerABI.c.obj   -c /home/curiosul/.Tools/IDEs/clion-2017.1.3/bin/cmake/share/cmake-3.8/Modules/CMakeCCompilerABI.c]
  ignore line: [Linking C executable cmTC_d6987]
  ignore line: [/home/curiosul/.Tools/IDEs/clion-2017.1.3/bin/cmake/bin/cmake -E cmake_link_script CMakeFiles/cmTC_d6987.dir/link.txt --verbose=1]
  ignore line: [/usr/bin/arm-none-eabi-gcc -mcpu=cortex-m4 -mthumb -mthumb-interwork -mfloat-abi=hard -mfpu=fpv4-sp-d16 -ffunction-sections -fdata-sections -g -fno-common -fmessage-length=0 -std=gnu99   -Wl,-gc-sections,-M=binary.map -T /home/curiosul/Workspaces/STM32/LedBlink/stm32_flash.ld -v CMakeFiles/cmTC_d6987.dir/CMakeCCompilerABI.c.obj  -o cmTC_d6987 ]
  ignore line: [Using built-in specs.]
  ignore line: [COLLECT_GCC=/usr/bin/arm-none-eabi-gcc]
  ignore line: [COLLECT_LTO_WRAPPER=/usr/lib/gcc/arm-none-eabi/4.9.3/lto-wrapper]
  ignore line: [Target: arm-none-eabi]
  ignore line: [Configured with: ../src/configure --build=x86_64-linux-gnu --prefix=/usr --includedir='/usr/lib/include' --mandir='/usr/lib/share/man' --infodir='/usr/lib/share/info' --sysconfdir=/etc --localstatedir=/var --disable-silent-rules --libdir='/usr/lib/lib/x86_64-linux-gnu' --libexecdir='/usr/lib/lib/x86_64-linux-gnu' --disable-maintainer-mode --disable-dependency-tracking --mandir=/usr/share/man --enable-languages=c,c++,lto --enable-multilib --disable-decimal-float --disable-libffi --disable-libgomp --disable-libmudflap --disable-libquadmath --disable-libssp --disable-libstdcxx-pch --disable-nls --disable-shared --disable-threads --disable-tls --build=x86_64-linux-gnu --target=arm-none-eabi --with-system-zlib --with-gnu-as --with-gnu-ld --with-pkgversion=15:4.9.3+svn231177-1 --without-included-gettext --prefix=/usr/lib --infodir=/usr/share/doc/gcc-arm-none-eabi/info --htmldir=/usr/share/doc/gcc-arm-none-eabi/html --pdfdir=/usr/share/doc/gcc-arm-none-eabi/pdf --bindir=/usr/bin --libexecdir=/usr/lib --libdir=/usr/lib --disable-libstdc++-v3 --host=x86_64-linux-gnu --with-headers=no --without-newlib --with-multilib-list=armv6-m,armv7-m,armv7e-m,armv7-r CFLAGS='-g -O2 -fstack-protector-strong' CPPFLAGS=-D_FORTIFY_SOURCE=2 CXXFLAGS='-g -O2 -fstack-protector-strong' FCFLAGS='-g -O2 -fstack-protector-strong' FFLAGS='-g -O2 -fstack-protector-strong' GCJFLAGS='-g -O2 -fstack-protector-strong' LDFLAGS='-Wl,-Bsymbolic-functions -Wl,-z,relro' OBJCFLAGS='-g -O2 -fstack-protector-strong' OBJCXXFLAGS='-g -O2 -fstack-protector-strong' INHIBIT_LIBC_CFLAGS=-DUSE_TM_CLONE_REGISTRY=0 AR_FOR_TARGET=arm-none-eabi-ar AS_FOR_TARGET=arm-none-eabi-as LD_FOR_TARGET=arm-none-eabi-ld NM_FOR_TARGET=arm-none-eabi-nm OBJDUMP_FOR_TARGET=arm-none-eabi-objdump RANLIB_FOR_TARGET=arm-none-eabi-ranlib READELF_FOR_TARGET=arm-none-eabi-readelf STRIP_FOR_TARGET=arm-none-eabi-strip]
  ignore line: [Thread model: single]
  ignore line: [gcc version 4.9.3 20150529 (prerelease) (15:4.9.3+svn231177-1) ]
  ignore line: [COMPILER_PATH=/usr/lib/gcc/arm-none-eabi/4.9.3/:/usr/lib/gcc/arm-none-eabi/4.9.3/:/usr/lib/gcc/arm-none-eabi/:/usr/lib/gcc/arm-none-eabi/4.9.3/:/usr/lib/gcc/arm-none-eabi/:/usr/lib/gcc/arm-none-eabi/4.9.3/../../../arm-none-eabi/bin/]
  ignore line: [LIBRARY_PATH=/usr/lib/gcc/arm-none-eabi/4.9.3/armv7e-m/fpu/:/usr/lib/gcc/arm-none-eabi/4.9.3/../../../arm-none-eabi/lib/armv7e-m/fpu/:/usr/lib/gcc/arm-none-eabi/4.9.3/:/usr/lib/gcc/arm-none-eabi/4.9.3/../../../arm-none-eabi/lib/]
  ignore line: [COLLECT_GCC_OPTIONS='-mcpu=cortex-m4' '-mthumb' '-mthumb-interwork' '-mfloat-abi=hard' '-mfpu=fpv4-sp-d16' '-ffunction-sections' '-fdata-sections' '-g' '-fno-common' '-fmessage-length=0' '-std=gnu99' '-T' '/home/curiosul/Workspaces/STM32/LedBlink/stm32_flash.ld' '-v' '-o' 'cmTC_d6987']
  link line: [ /usr/lib/gcc/arm-none-eabi/4.9.3/collect2 -plugin /usr/lib/gcc/arm-none-eabi/4.9.3/liblto_plugin.so -plugin-opt=/usr/lib/gcc/arm-none-eabi/4.9.3/lto-wrapper -plugin-opt=-fresolution=/tmp/ccozoaYg.res -plugin-opt=-pass-through=-lgcc -plugin-opt=-pass-through=-lg -plugin-opt=-pass-through=-lc -X -o cmTC_d6987 /usr/lib/gcc/arm-none-eabi/4.9.3/armv7e-m/fpu/crti.o /usr/lib/gcc/arm-none-eabi/4.9.3/armv7e-m/fpu/crtbegin.o /usr/lib/gcc/arm-none-eabi/4.9.3/../../../arm-none-eabi/lib/armv7e-m/fpu/crt0.o -L/usr/lib/gcc/arm-none-eabi/4.9.3/armv7e-m/fpu -L/usr/lib/gcc/arm-none-eabi/4.9.3/../../../arm-none-eabi/lib/armv7e-m/fpu -L/usr/lib/gcc/arm-none-eabi/4.9.3 -L/usr/lib/gcc/arm-none-eabi/4.9.3/../../../arm-none-eabi/lib -gc-sections -M=binary.map CMakeFiles/cmTC_d6987.dir/CMakeCCompilerABI.c.obj --start-group -lgcc -lg -lc --end-group /usr/lib/gcc/arm-none-eabi/4.9.3/armv7e-m/fpu/crtend.o /usr/lib/gcc/arm-none-eabi/4.9.3/armv7e-m/fpu/crtn.o -T /home/curiosul/Workspaces/STM32/LedBlink/stm32_flash.ld]
    arg [/usr/lib/gcc/arm-none-eabi/4.9.3/collect2] ==> ignore
    arg [-plugin] ==> ignore
    arg [/usr/lib/gcc/arm-none-eabi/4.9.3/liblto_plugin.so] ==> ignore
    arg [-plugin-opt=/usr/lib/gcc/arm-none-eabi/4.9.3/lto-wrapper] ==> ignore
    arg [-plugin-opt=-fresolution=/tmp/ccozoaYg.res] ==> ignore
    arg [-plugin-opt=-pass-through=-lgcc] ==> ignore
    arg [-plugin-opt=-pass-through=-lg] ==> ignore
    arg [-plugin-opt=-pass-through=-lc] ==> ignore
    arg [-X] ==> ignore
    arg [-o] ==> ignore
    arg [cmTC_d6987] ==> ignore
    arg [/usr/lib/gcc/arm-none-eabi/4.9.3/armv7e-m/fpu/crti.o] ==> ignore
    arg [/usr/lib/gcc/arm-none-eabi/4.9.3/armv7e-m/fpu/crtbegin.o] ==> ignore
    arg [/usr/lib/gcc/arm-none-eabi/4.9.3/../../../arm-none-eabi/lib/armv7e-m/fpu/crt0.o] ==> ignore
    arg [-L/usr/lib/gcc/arm-none-eabi/4.9.3/armv7e-m/fpu] ==> dir [/usr/lib/gcc/arm-none-eabi/4.9.3/armv7e-m/fpu]
    arg [-L/usr/lib/gcc/arm-none-eabi/4.9.3/../../../arm-none-eabi/lib/armv7e-m/fpu] ==> dir [/usr/lib/gcc/arm-none-eabi/4.9.3/../../../arm-none-eabi/lib/armv7e-m/fpu]
    arg [-L/usr/lib/gcc/arm-none-eabi/4.9.3] ==> dir [/usr/lib/gcc/arm-none-eabi/4.9.3]
    arg [-L/usr/lib/gcc/arm-none-eabi/4.9.3/../../../arm-none-eabi/lib] ==> dir [/usr/lib/gcc/arm-none-eabi/4.9.3/../../../arm-none-eabi/lib]
    arg [-gc-sections] ==> ignore
    arg [-M=binary.map] ==> ignore
    arg [CMakeFiles/cmTC_d6987.dir/CMakeCCompilerABI.c.obj] ==> ignore
    arg [--start-group] ==> ignore
    arg [-lgcc] ==> lib [gcc]
    arg [-lg] ==> lib [g]
    arg [-lc] ==> lib [c]
    arg [--end-group] ==> ignore
    arg [/usr/lib/gcc/arm-none-eabi/4.9.3/armv7e-m/fpu/crtend.o] ==> ignore
    arg [/usr/lib/gcc/arm-none-eabi/4.9.3/armv7e-m/fpu/crtn.o] ==> ignore
    arg [-T] ==> ignore
    arg [/home/curiosul/Workspaces/STM32/LedBlink/stm32_flash.ld] ==> ignore
  remove lib [gcc]
  collapse library dir [/usr/lib/gcc/arm-none-eabi/4.9.3/armv7e-m/fpu] ==> [/usr/lib/gcc/arm-none-eabi/4.9.3/armv7e-m/fpu]
  collapse library dir [/usr/lib/gcc/arm-none-eabi/4.9.3/../../../arm-none-eabi/lib/armv7e-m/fpu] ==> [/usr/lib/arm-none-eabi/lib/armv7e-m/fpu]
  collapse library dir [/usr/lib/gcc/arm-none-eabi/4.9.3] ==> [/usr/lib/gcc/arm-none-eabi/4.9.3]
  collapse library dir [/usr/lib/gcc/arm-none-eabi/4.9.3/../../../arm-none-eabi/lib] ==> [/usr/lib/arm-none-eabi/lib]
  implicit libs: [g;c]
  implicit dirs: [/usr/lib/gcc/arm-none-eabi/4.9.3/armv7e-m/fpu;/usr/lib/arm-none-eabi/lib/armv7e-m/fpu;/usr/lib/gcc/arm-none-eabi/4.9.3;/usr/lib/arm-none-eabi/lib]
  implicit fwks: []




Detecting C [-std=c11] compiler features compiled with the following output:
Change Dir: /home/curiosul/Workspaces/STM32/LedBlink/build/CMakeFiles/CMakeTmp

Run Build Command:"/usr/bin/make" "cmTC_26549/fast"
/usr/bin/make -f CMakeFiles/cmTC_26549.dir/build.make CMakeFiles/cmTC_26549.dir/build
make[1]: Entering directory '/home/curiosul/Workspaces/STM32/LedBlink/build/CMakeFiles/CMakeTmp'
Building C object CMakeFiles/cmTC_26549.dir/feature_tests.c.obj
/usr/bin/arm-none-eabi-gcc   -mcpu=cortex-m4 -mthumb -mthumb-interwork -mfloat-abi=hard -mfpu=fpv4-sp-d16 -ffunction-sections -fdata-sections -g -fno-common -fmessage-length=0 -std=gnu99    -std=c11 -o CMakeFiles/cmTC_26549.dir/feature_tests.c.obj   -c /home/curiosul/Workspaces/STM32/LedBlink/build/CMakeFiles/feature_tests.c
Linking C executable cmTC_26549
/home/curiosul/.Tools/IDEs/clion-2017.1.3/bin/cmake/bin/cmake -E cmake_link_script CMakeFiles/cmTC_26549.dir/link.txt --verbose=1
/usr/bin/arm-none-eabi-gcc -mcpu=cortex-m4 -mthumb -mthumb-interwork -mfloat-abi=hard -mfpu=fpv4-sp-d16 -ffunction-sections -fdata-sections -g -fno-common -fmessage-length=0 -std=gnu99   -Wl,-gc-sections,-M=binary.map -T /home/curiosul/Workspaces/STM32/LedBlink/stm32_flash.ld  CMakeFiles/cmTC_26549.dir/feature_tests.c.obj  -o cmTC_26549 
/usr/lib/gcc/arm-none-eabi/4.9.3/../../../arm-none-eabi/bin/ld: warning: cannot find entry symbol Reset_Handler; defaulting to 0000000008000000
make[1]: Leaving directory '/home/curiosul/Workspaces/STM32/LedBlink/build/CMakeFiles/CMakeTmp'




Detecting C [-std=c99] compiler features compiled with the following output:
Change Dir: /home/curiosul/Workspaces/STM32/LedBlink/build/CMakeFiles/CMakeTmp

Run Build Command:"/usr/bin/make" "cmTC_dc1f9/fast"
/usr/bin/make -f CMakeFiles/cmTC_dc1f9.dir/build.make CMakeFiles/cmTC_dc1f9.dir/build
make[1]: Entering directory '/home/curiosul/Workspaces/STM32/LedBlink/build/CMakeFiles/CMakeTmp'
Building C object CMakeFiles/cmTC_dc1f9.dir/feature_tests.c.obj
/usr/bin/arm-none-eabi-gcc   -mcpu=cortex-m4 -mthumb -mthumb-interwork -mfloat-abi=hard -mfpu=fpv4-sp-d16 -ffunction-sections -fdata-sections -g -fno-common -fmessage-length=0 -std=gnu99    -std=c99 -o CMakeFiles/cmTC_dc1f9.dir/feature_tests.c.obj   -c /home/curiosul/Workspaces/STM32/LedBlink/build/CMakeFiles/feature_tests.c
Linking C executable cmTC_dc1f9
/home/curiosul/.Tools/IDEs/clion-2017.1.3/bin/cmake/bin/cmake -E cmake_link_script CMakeFiles/cmTC_dc1f9.dir/link.txt --verbose=1
/usr/bin/arm-none-eabi-gcc -mcpu=cortex-m4 -mthumb -mthumb-interwork -mfloat-abi=hard -mfpu=fpv4-sp-d16 -ffunction-sections -fdata-sections -g -fno-common -fmessage-length=0 -std=gnu99   -Wl,-gc-sections,-M=binary.map -T /home/curiosul/Workspaces/STM32/LedBlink/stm32_flash.ld  CMakeFiles/cmTC_dc1f9.dir/feature_tests.c.obj  -o cmTC_dc1f9 
/usr/lib/gcc/arm-none-eabi/4.9.3/../../../arm-none-eabi/bin/ld: warning: cannot find entry symbol Reset_Handler; defaulting to 0000000008000000
make[1]: Leaving directory '/home/curiosul/Workspaces/STM32/LedBlink/build/CMakeFiles/CMakeTmp'




Detecting C [-std=c90] compiler features compiled with the following output:
Change Dir: /home/curiosul/Workspaces/STM32/LedBlink/build/CMakeFiles/CMakeTmp

Run Build Command:"/usr/bin/make" "cmTC_24c37/fast"
/usr/bin/make -f CMakeFiles/cmTC_24c37.dir/build.make CMakeFiles/cmTC_24c37.dir/build
make[1]: Entering directory '/home/curiosul/Workspaces/STM32/LedBlink/build/CMakeFiles/CMakeTmp'
Building C object CMakeFiles/cmTC_24c37.dir/feature_tests.c.obj
/usr/bin/arm-none-eabi-gcc   -mcpu=cortex-m4 -mthumb -mthumb-interwork -mfloat-abi=hard -mfpu=fpv4-sp-d16 -ffunction-sections -fdata-sections -g -fno-common -fmessage-length=0 -std=gnu99    -std=c90 -o CMakeFiles/cmTC_24c37.dir/feature_tests.c.obj   -c /home/curiosul/Workspaces/STM32/LedBlink/build/CMakeFiles/feature_tests.c
Linking C executable cmTC_24c37
/home/curiosul/.Tools/IDEs/clion-2017.1.3/bin/cmake/bin/cmake -E cmake_link_script CMakeFiles/cmTC_24c37.dir/link.txt --verbose=1
/usr/bin/arm-none-eabi-gcc -mcpu=cortex-m4 -mthumb -mthumb-interwork -mfloat-abi=hard -mfpu=fpv4-sp-d16 -ffunction-sections -fdata-sections -g -fno-common -fmessage-length=0 -std=gnu99   -Wl,-gc-sections,-M=binary.map -T /home/curiosul/Workspaces/STM32/LedBlink/stm32_flash.ld  CMakeFiles/cmTC_24c37.dir/feature_tests.c.obj  -o cmTC_24c37 
/usr/lib/gcc/arm-none-eabi/4.9.3/../../../arm-none-eabi/bin/ld: warning: cannot find entry symbol Reset_Handler; defaulting to 0000000008000000
make[1]: Leaving directory '/home/curiosul/Workspaces/STM32/LedBlink/build/CMakeFiles/CMakeTmp'


